Flow report for simpleCPU
Sun Jul 05 00:00:28 2020
Quartus Prime Version 19.1.0 Build 670 09/22/2019 SJ Lite Edition


---------------------
; Table of Contents ;
---------------------
  1. Legal Notice
  2. Flow Summary
  3. Flow Settings
  4. Flow Non-Default Global Settings
  5. Flow Elapsed Time
  6. Flow OS Summary
  7. Flow Log
  8. Flow Messages
  9. Flow Suppressed Messages



----------------
; Legal Notice ;
----------------
Copyright (C) 2019  Intel Corporation. All rights reserved.
Your use of Intel Corporation's design tools, logic functions 
and other software and tools, and any partner logic 
functions, and any output files from any of the foregoing 
(including device programming or simulation files), and any 
associated documentation or information are expressly subject 
to the terms and conditions of the Intel Program License 
Subscription Agreement, the Intel Quartus Prime License Agreement,
the Intel FPGA IP License Agreement, or other applicable license
agreement, including, without limitation, that your use is for
the sole purpose of programming logic devices manufactured by
Intel and sold by Intel or its authorized distributors.  Please
refer to the applicable agreement for further details, at
https://fpgasoftware.intel.com/eula.



+----------------------------------------------------------------------------------+
; Flow Summary                                                                     ;
+------------------------------------+---------------------------------------------+
; Flow Status                        ; Successful - Sun Jul 05 00:00:28 2020       ;
; Quartus Prime Version              ; 19.1.0 Build 670 09/22/2019 SJ Lite Edition ;
; Revision Name                      ; simpleCPU                                   ;
; Top-level Entity Name              ; cpu_w                                       ;
; Family                             ; Cyclone IV E                                ;
; Total logic elements               ; 530 / 55,856 ( < 1 % )                      ;
;     Total combinational functions  ; 501 / 55,856 ( < 1 % )                      ;
;     Dedicated logic registers      ; 153 / 55,856 ( < 1 % )                      ;
; Total registers                    ; 153                                         ;
; Total pins                         ; 178 / 325 ( 55 % )                          ;
; Total virtual pins                 ; 0                                           ;
; Total memory bits                  ; 2,101,248 / 2,396,160 ( 88 % )              ;
; Embedded Multiplier 9-bit elements ; 0 / 308 ( 0 % )                             ;
; Total PLLs                         ; 0 / 4 ( 0 % )                               ;
; Device                             ; EP4CE55F23C6                                ;
; Timing Models                      ; Final                                       ;
+------------------------------------+---------------------------------------------+


+-----------------------------------------+
; Flow Settings                           ;
+-------------------+---------------------+
; Option            ; Setting             ;
+-------------------+---------------------+
; Start date & time ; 07/04/2020 23:59:20 ;
; Main task         ; Compilation         ;
; Revision Name     ; simpleCPU           ;
+-------------------+---------------------+


+-------------------------------------------------------------------------------------------------------------------------+
; Flow Non-Default Global Settings                                                                                        ;
+-------------------------------------+----------------------------------------+---------------+-------------+------------+
; Assignment Name                     ; Value                                  ; Default Value ; Entity Name ; Section Id ;
+-------------------------------------+----------------------------------------+---------------+-------------+------------+
; COMPILER_SIGNATURE_ID               ; 141812762185395.159387836002260        ; --            ; --          ; --         ;
; PARTITION_COLOR                     ; -- (Not supported for targeted family) ; --            ; cpu_w       ; Top        ;
; PARTITION_FITTER_PRESERVATION_LEVEL ; -- (Not supported for targeted family) ; --            ; cpu_w       ; Top        ;
; PARTITION_NETLIST_TYPE              ; -- (Not supported for targeted family) ; --            ; cpu_w       ; Top        ;
; PROJECT_OUTPUT_DIRECTORY            ; output_files                           ; --            ; --          ; --         ;
; TOP_LEVEL_ENTITY                    ; cpu_w                                  ; simpleCPU     ; --          ; --         ;
+-------------------------------------+----------------------------------------+---------------+-------------+------------+


+--------------------------------------------------------------------------------------------------------------------------+
; Flow Elapsed Time                                                                                                        ;
+----------------------+--------------+-------------------------+---------------------+------------------------------------+
; Module Name          ; Elapsed Time ; Average Processors Used ; Peak Virtual Memory ; Total CPU Time (on all processors) ;
+----------------------+--------------+-------------------------+---------------------+------------------------------------+
; Analysis & Synthesis ; 00:00:13     ; 1.0                     ; 4768 MB             ; 00:00:26                           ;
; Fitter               ; 00:00:32     ; 1.0                     ; 5355 MB             ; 00:00:40                           ;
; Assembler            ; 00:00:02     ; 1.0                     ; 4722 MB             ; 00:00:02                           ;
; Timing Analyzer      ; 00:00:03     ; 1.1                     ; 4833 MB             ; 00:00:03                           ;
; EDA Netlist Writer   ; 00:00:01     ; 1.0                     ; 4667 MB             ; 00:00:01                           ;
; EDA Netlist Writer   ; 00:00:01     ; 1.0                     ; 4676 MB             ; 00:00:01                           ;
; Total                ; 00:00:52     ; --                      ; --                  ; 00:01:13                           ;
+----------------------+--------------+-------------------------+---------------------+------------------------------------+


+------------------------------------------------------------------------------------+
; Flow OS Summary                                                                    ;
+----------------------+------------------+------------+------------+----------------+
; Module Name          ; Machine Hostname ; OS Name    ; OS Version ; Processor type ;
+----------------------+------------------+------------+------------+----------------+
; Analysis & Synthesis ; Win              ; Windows 10 ; 10.0       ; x86_64         ;
; Fitter               ; Win              ; Windows 10 ; 10.0       ; x86_64         ;
; Assembler            ; Win              ; Windows 10 ; 10.0       ; x86_64         ;
; Timing Analyzer      ; Win              ; Windows 10 ; 10.0       ; x86_64         ;
; EDA Netlist Writer   ; Win              ; Windows 10 ; 10.0       ; x86_64         ;
; EDA Netlist Writer   ; Win              ; Windows 10 ; 10.0       ; x86_64         ;
+----------------------+------------------+------------+------------+----------------+


------------
; Flow Log ;
------------
quartus_map --read_settings_files=on --write_settings_files=off simpleCPU -c simpleCPU
quartus_fit --read_settings_files=off --write_settings_files=off simpleCPU -c simpleCPU
quartus_asm --read_settings_files=off --write_settings_files=off simpleCPU -c simpleCPU
quartus_sta simpleCPU -c simpleCPU
quartus_eda --gen_testbench --tool=modelsim_oem --format=verilog --write_settings_files=off simpleCPU -c simpleCPU --vector_source=E:/Projects/Quartus/simpleCPU/Waveform1.vwf --testbench_file=E:/Projects/Quartus/simpleCPU/simulation/qsim/Waveform1.vwf.vt
quartus_eda --write_settings_files=off --simulation=on --functional=on --flatten_buses=off --tool=modelsim_oem --format=verilog --output_directory=E:/Projects/Quartus/simpleCPU/simulation/qsim/ simpleCPU -c simpleCPU



